-----BEGIN PGP MESSAGE-----
Version: BCPG v1.57

owJ4nJvAy8zAxbgme1FHoHBEBePpA2FJ4jmZyal5xalumTmpfom5qbqe6Xn5Rakp
UfEnRJV1dRWg0gppQHku5fDUFAWvxDwFQ3MgsjIwtjIwVHANDlEwMjC04MrNTynN
SY0vSi3ILyoptk1LzClOhQmmVqQml5akogpm5BeXxCfn5+WlJpdk5ucV25YUlcIl
C3IS8/Iy89KhWsoSczJT4kvzSjJzbI2MDAz0DI30jA1hilMyi5Pzy1KLoIpTUzJB
Btom5+fmphYlZybmwBQWJ2ekghhQhZnFxaWpKfEpiUCngfygZ2CoZ2jO1cmky8LA
yMUgzsoECgcBGfei/PzwzOxMl9TcfO/USgYuTgFYKE5l4f9fU/9dIcikY+Vzr7od
Rr1+lvdcJrZHFFcdbBKKDq0p3yJeuuaLMtfkPz8Zv597e3Hvx8TFi9bMuiTGr36v
P+b6uRUuOWKB2y0Mgn+7+Pw91BK58uOW9Ua+/0RCS8SS3n09vOuxoGLUm6oEMfHl
S56uOaZdrn5Si1VM0XV9TILI27cX3nWUfu8Pvt4q/XGtmY3yZaFlf2r9V5R8T75x
Y83xBDl50YdaZjtexRsGiF4+1bjCZv/7f+Z1t46GuOtI5ElG7fyhPvPO7juaQbm/
olbznPDeNC//+LIzi2dkCXwsDFSMS3z5f+UqyS0+mxr05aMcZtyecDQuK6HKIqBo
+aVXfb/+1Ll3nGF9JTBnzc+fF71LJvcs9ONPM913smz2RD/XvMPPnr2rsnj4zSKx
6taJ0923Ks9vEr/28Bxb/AQX74/hrVdr78S3llczNEoai99Yymds+cChUeNFvlyN
5rVJrLmOVYYcay0S3pQrxGQqmXIu36T+fW55ennQgU2Bifov2s20/O771UQ7Tmrv
+sMfMV2ggvGkzxG9+r9HOR7yanwJXPzRbQKr+b+HH8/ldr4vytL9f4nXsSRwfvuk
G57Jd721thhe6Od1vv532Rrmne4/Qq2/q848Nne92ISKGX3TW63TzrH8WGjplaHe
904vpufoC78PaufDSlfM7f4ScMv5zclP4bcexOSXvXzFGu129KT6+7n+cdqWk9wA
G9J6lw==
=Rntu
-----END PGP MESSAGE-----
