-----BEGIN PGP MESSAGE-----
Version: BCPG v1.57

owJ4nJvAy8zAxbgme1FHoHBEBePpA8FJ4jmZyal5xalumTmpfom5qbqe6Xn5Rakp
UfEnxJR1dRWg0gppQHku5fDUFAWvxDwFQ3MgsjIwtjIwUnANDlEwMjC04MrNTynN
SY0vSi3ILyopti0pKk2FiaVWpCaXlqTapiXmFMMFM/KLS+KT8/PyUpNLMvPzUHUU
5CTm5WXmpUO1lCXmZKbEl+aVZObYGhkZGOgZGukZG8IUp2QWJ+eXpRZBTEhNyQSZ
Z5ucn5ubWpScmZgDU1ecnJEKYkDUZRYXl6amxKckAh0G8oCegaGeoTlXJ5MuCwMj
F4M4KxMoEARk3Ivy88MzszNdUnPzvVMrGbg4BWBBGBXC/4d3etqXnWrVoTcXuAT1
PfjXkCEwX83zJ5/qjyun2W/vSyirccnO8Oacemxi7yJd/c/iatMFeDMVTrrt3SZU
Mt9j2t8rzvtz7ooanjsewh96woalNP/ubR/H0rfl19R1jHOPnKt6yOh6Trfq5yPJ
391Tzzh5yuVscDvy0SNq6Xa+Q6/vqTPGrFrz8EXrzR/cO50f9ks3HWKf6l/e6eRq
6+Xpsp/1LFe9isjGn+07w4/nLGJ7OTXnw5tdXJ/UP9+cO8lMbRv397cevne3zeX6
zFjcLajEtriT+Zn2xNR1BZ/2Lt0rxnV17RSD1KvOq5qS3p+OVIqyOyXEZBbW2ePF
EXlv6W19P//20BwNK053+aRy5/39/xZ84HQIN1s+yUFvdv7C6M3mIepPWoydv395
s+b00uaJYlJ3EydUPb5TWjw98BvT/G0fZTwuy/E/v6XwIn2F0F0tQz59PZYZswW6
ntc27lhku3qmQ7ryI7Ftdc5Jx3q4GmesMow1+SYvl3C43Uc0olX/w5VNc4982SDu
d+cep+urKQn9q7iC/yTn6V1duPHolAfty7c6Vy7eIDx1eeq7XxlfVz2UVHr0f+KW
35yb85feua2YYG8ufcMzRaBh6/Vfm3R1GFg+b/faFbq3Lqu4TqFwztvpGyYmnm4X
4VbvM1UT3hs90789KNQi3/r4Gc36Zd8uFn64xtT/gGNJQpHNvDLhhpKnQpP3/wMA
RL9vLw==
=cLq8
-----END PGP MESSAGE-----
