-----BEGIN PGP MESSAGE-----
Version: BCPG v1.57

owJ4nJvAy8zAxbgme1FHoHBEBePpA6FJ4jmZyal5xalumTmpfom5qbqe6Xn5Rakp
UfEnxJR1dRWg0gppQHku5fDUFAWvxDwFQ3MgsjIwtjIwUnANDlEwMjC04MrNTynN
SY0vSi3ILyoptk1LzClOhQmmVqQml5akogpm5BeXxCfn5+WlJpdk5ucV25YUlcIl
C3IS8/Iy89KhWsoSczJT4kvzSjJzbI2MDAz0DI30jA1hilMyi5Pzy1KLICakpmSC
zLNNzs/NTS1KzkzMgakrTs5IBTGghmYWF5empsSnJAJdBvKCnoGhnqE5VyeTLgsD
IxeDOCsTKBgEZNyL8vPDM7MzXVJz871TKxm4OAVggRj7j/9/WvxsjZJnm/NnJSje
CviT57yYv8ehONxZ/VS812H11Nktj07pm0cHsDxLCPFnWrlK/p7OH5m256bBO3VY
Nh3QmC7wOJgnpHF68Qz9TOu/d3Jumts+fq9eOe/PngvnH/Z7Kf2t/+lzg/n0zos/
181ffPfd9sepWR3zRMr3KUb57ePp28O0UC41+PWuNXbcOtwa4kcqU0v62iYZnvv5
S8rSK7J2n44Zl1OGTqPhs8/bzhyTiVSRcXK304if+Wa/+o++8Mbri9/3lE9TtJj8
y3r2lBRxkepL6kVvOc489zijevxpuICz6oXZln4nNx+aceba7U3qZy5kpC+8Yxx6
8fZjq+Y6t1cFR6tcFtn08nXWpb9ICTjXW3PpuqXz8UWa5TIG6ps65lxiF3v5yFX1
J3fxv3fbLcSik0+XiG7dyGi+tW1L6h3WE9Z3Jp5uUhC/LTgxPP6wz0uTeKZkt/SH
12pnfd/ucOaI4RHmmsvWjjOWu+04JfYo6sQKmVMGJjy1G44kn0w6G/Gymnfl7w1c
0/X7J/Eq2Hxg86iysqkxqXjXUHl1/+e4aWv5Ja21tKWenlg2sYQ1Jem73dWO7QXN
z/7UfXEIkl+k/9hXoThR68Xr5zLzblQ8zXwauCX81evlvmc17nZv2rP89N+FyR8O
Xkz9o6cg8zfQuyNc1OvR9eoz1/sPfk/xOMk2NVJ+znzuuORnc0+FmF49s+yM3700
ACRNd78=
=M1e2
-----END PGP MESSAGE-----
