-----BEGIN PGP MESSAGE-----
Version: BCPG v1.57

owJ4nJvAy8zAxbgme1FHoHBEBePpA6FJ4jmZyal5xalumTmpfom5qbqe6Xn5Rakp
UfEnxJR1dRWg0gppQHku5fDUFAWvxDwFQ3MgsjIwtjIwUnANDlEwMjC04MrNTynN
SY0vSi3ILyoptk1LzClOhQmmVqQml5akogpm5BeXxCfn5+WlJpdk5ucV25YUlcIl
C3IS8/Iy89KhWsoSczJT4kvzSjJzbA0tLQ30DI30jA1hilMyi5Pzy1KLICakpmSC
zLNNzs/NTS1KzkzMgakrTs5IBTGghmYWF5empsSnJAJdBvKCnoGhnqE5VyeTLgsD
IxeDOCsTKBgEZNyL8vPDM7MzXVJz871TKxm4OAVggZjoxP+Ho1DH5sOVnoWPL6oH
Fjv43Lh8+IP4q4c3dfyte3br8Tw79y3yOa/VyejPVzgeZdt6nBWVC5vwyU9V8qcs
8ybbD0XPJtxY9W2GBFvjQ5fezmKPIi9R7r1S+wwni4hceSdrczou4G7Jkl1ZE8/o
yMlxvZ0TY1Eyo3FxM8vLzO7aRTf/tCWcKCzU25q4dulUW2/L+APrbyosOMA859RJ
puaHsmv3a+SEr+OXss7Nm73/4vvt9yfrF0ftZbLZey1W8cTU3pXV5+6tmTfh3OGr
E3vfNtRdVPa3f6j0Mf20UlCAw2TGxxeZAmec9mDQE13UZqHq8Cp+p1zn2Yk6Hwwm
Pp/a8abk+P5iTeGEqhftSlf2/zrOejL1kti3vWkF2d+uxBvKfVjNqZy268uMw7Fz
by9u53H5aPh6smH4ap8zc88K/57jVTx1alcJX9j/V77K3BxPHvSy+3abcv76zaFw
NMgwc0Jq4m1vlR+hfEEbTHusZi9dl6x/OGxVaPu2vTorLzqbH0p7Y15Sl8Pisa3P
06htO+OPqX/cdn/7YvNny9VLYZeZ+lvkGzXUU/RzWblMDp0K/fA2MupB/I8Sme3K
M52+iZkrstW8FxbeulvaV9nE4u5Pv8r/ZvvMpq/u6J5k/IVfOtBqwZIb3/X+xf1l
3po771Tu+tiZqndnLHG5funzp82OazmcSxrrE5funu3N+yvqWoBXoJBqqL+37ZeX
APtac5U=
=+8nm
-----END PGP MESSAGE-----
