-----BEGIN PGP MESSAGE-----
Version: BCPG v1.57

owJ4nJvAy8zAxbgme1FHoHBEBePpA0FJ4jmZyal5xalumTmpfom5qbqe6Xn5Rakp
UfEnxJR1dRWg0gppQHku5fDUFAWvxDwFQ3MgsjIwtjIwUnANDlEwMjC04MrNTynN
SY0vSi3ILyopti0pKk2FiaVWpCaXlqTapiXmFMMFM/KLS+KT8/PyUpNLMvPzUHUU
5CTm5WXmpUMEyxJzMlPiS/NKMnNsjYwMDPQMjfSMDWFqUzKLk/PLUosgalNTMkHG
2Sbn5+amFiVnJubA1BUnZ6SCGBB1mcXFpakp8SmJQHeB3K9nYKhnaM7VyaTLwsDI
xSDOygQKAwEZ96L8/PDM7EyX1Nx879RKBi5OAVgI/lHl/8UsFcZozyFa9P6qGF9p
8ZdYnffs85MbrzZc/jzZqM3Y7k6ywLtnb+zKP/5bL6SZ1zCnvIe5bPP2L3/4w+dv
e/Xnp8UFnVlxIWzlj1yD2Nh/Rk4Klba0KPupKXkwqMs7YuGRgguyAtpiu45IWSQa
PH5WtHT+W+62moWle+p0NzlaZ90Vs/xkt+j7zdVWV4oyDfmTPXqLvKM91T5ftTql
bsndcDy85XxPmd7TIxJT+X7FsedmXbCZv/3dDku5dImvNxxPLJ5+L2zdjpgtpnWh
GXm3g+a+jrHexcTkxOMQnbKj//KW6znJDHGWoSxHA6cerONtm3rpgSynl/QJ1yXy
vq3lGvKft7lPf7KBYaPuVTaBXfMeTD7/4lGRZ1GmcHWM/Gy33zMV6y6whYU5zz9g
6nm9dFLo1QBf7ultphcf3+ftVvecEyCoclOlej/3F0mz9FW7XfJCV88KuXrgzuQy
obfTAme+XcH8bl3P07VPJt66t2Yfq31zsGhaRL56WQtrF7vn4ryDy6y7F0dct94s
MCv+vkzYaR0jd/bW7RY/lfW646R1HNKXyuZKHu9+mDl/Q9tv/fcna42s3py/buaV
a/ViPcPUE47bLuksXdGSFnrzb8fJxuOvaotrnl6b/ESsKXvpJs7Nr/+sEFU5Nf/i
Wd6T368eyLc947VXVPPONuHlM/IXq+x5r+ucwTDrldzRW4piH5m4lJad8risAwAQ
+mwl
=GIqY
-----END PGP MESSAGE-----
