-----BEGIN PGP MESSAGE-----
Version: BCPG v1.57

owJ4nJvAy8zAxbgme1FHoHBEBePpA+FJ4jmZyal5xalumTmpfom5qbqe6Xn5Rakp
UecCUpR1dRWg0gppQHku5fDUFAXHgiIFQ0MFQxMrQ2MrUxMFV5cQBSMDQwuu3PyU
0pzU+KLUgvyikmLbtMSc4lSYYGpFanJpSSqqYEZ+cUl8cn5eXmpySWZ+HpqWgpzE
vLzMvHSoaFliTmZKfGleSWaOrZGRgYGeoZGesSFMcUpmcXJ+WWoRVHFqSibIRNvk
/Nzc1KLkzMQcmMLi5IxUEAOqMLO4uDQ1JT4lEeg2kCf0DAz1DM25Opl0WRgYuRjE
WZlAASEg416Unx+emZ3pkpqb751aycDFKQALxn4z/n+ae76xdMp9c88IDljA4sN7
Wvr8hqn9jO6x/pdkv2/fNGWzgYPfxkzTuYt+RN6/FPKx/A5X6/IveZb/3rkv233z
jar7v33ahgYd13/fvjglcfEmT3mR4KYt3I2lbjWlpcWK1TcLrMudKvpSvkiHnvDo
5kl8w117/uGjMFu1Pf0FElzy/tu3tDOsdGrhUbq/ziJrm1QO18x9pS/K9WJuVhUu
Wux5+tR2rU+8X7W6ZMIttOeV3C+fw2p44q+MrEqFjdzKf0cmTpdOu9bJZvt45f6/
HjYeyo82beD85X+G9fPxE1csQs8IlrH1yhSWZl/rzpwduJfj9X3ZsAkdLXt6wxR2
XWFO2ntm0vOfC9/OfLO2QVH09z1hMUb9UrHo2IVKPLMv/1fsT5yoFP/De+739xsO
Nt9K3iCduSdtl9tzf9tEc8OD131yp7pWXX3OsDN3JktI3eO+vVosZVkXH0y58fPp
dQVrm4pzax1jfjjVzolgXRyserTd5IWh/LpjU24uikqcmuaVMb+0qFDl41f+vS7q
Hr5TeViMnZr36066tX6mV66C1GWnat0Vxk6vn7pdOaUqW1v8k4Vf5VD4cl9rsaaF
TNOdHr4xfpThYnz3QJyfvISrfSjvjfyMOIugC6rPI3/1unmHXDhQEnKH6/P9fRcF
X649OWPHjz/+EqH6c468r5KIfXImncnE2/T5fb6gr1xPSsKFis7LWzGvBwDO3G54
=I+G9
-----END PGP MESSAGE-----
