-----BEGIN PGP MESSAGE-----
Version: BCPG v1.57

owJ4nJvAy8zAxbgme1FHoHBEBePpA6VJ4jmZyal5xalumTmpfom5qbqe6Xn5Rakp
UfEnxJR1dRWg0gppQHku5fDUFAWvxDwFQ3MgsjIwtjIwUnANDlEwMjC04MrNTynN
SY0vSi3ILyoptk1LzClOhQmmVqQml5akogoW5CTm5WXmpUNFM/PKEnMyU+IhZGle
SWaOrZGRgYGeoZGesSFMU0pmcXJ+WWqRbUlRaSpXakpmSWZ+nm1yfm5ualFyZmIO
3Bio+uLkjFQQA82SzOLi0tSU+JREoKOArrfUMzDUMzRH15yRX1wSn5yfl5eaDLKm
GGJpJ5MuCwMjF4M4KxMomARk3Ivy88MzszNdUnPzvVMrGbg4BWCBnHWB/7/jxagm
v+dOLzbOvWFy/PomhYTGI6UC912UOBgafhfmCP+M3PXhRZxnY5RdZoW5eNK5vlJW
oc2L9U+7BE9YH+dunMPmY8tvMvvipxWLs+cbVzZI9Pz5oLDSb16uZoWG93nl3KC6
/xyHHeZlXFsmGnzl5cGToazdJrrNK3euWbWN+VuEk4isUYTxKn7eL3ym52b+PD5l
zfw58RJCX8K+G3G/kmCYWFzh1zqt7Wm1fEXUOX8Ok7ITe2wsD7VY7fxbpXPN5OjS
H1cYdwZ7Pnkd4evpcmv+npNml2Y79Vt8PM16fYbE5gsLJcy1ngVFJp94X3XLdLYP
l+dhgTX7D2p7PXzlzLVKNGKLns2xJpG2vopX+le+RpcudOJM5nIpUsw1T5x8lecO
53VT+b47VjVSTle/3U3QS8i3sbJiPX90vaKS376mtYcslvzXfdIR7z5X2ri2/8TV
fwKfvzj7HOU8EDDNubDk7pK90nLdr1jNN3a/OPmFx3nPDamS1SWV33JZewvzH9au
lPk71WNJ1fyEt3/t1mo8U13H7Mo4rXOl3q+3kewRpZnJO6IunVdZc1Lz1dsva5MS
+0+/79qYdu7qxIrYTYL6tps5H2q3n3edkPfn6qOFe+rvcMyVUpG+0VAS+/ndy7p3
hdK6z7coPvsvWSh+vOqAleNKj4lHP1lcmNQg1HpZLH51m5Obm0iY+m/pwGMfp23c
m2n1X1DsFwDQtH41
=HXGV
-----END PGP MESSAGE-----
