-----BEGIN PGP MESSAGE-----
Version: BCPG v1.57

owJ4nJvAy8zAxbgme1FHoHBEBePpA6FJ4jmZyal5xalumTmpfom5qbqe6Xn5Rakp
UfHrY5V1dRWg0gppQHku5fDUFAWvxDwFQ3MFQ1MrQ3MrY0MF1+AQBSMDQwuu3PyU
0pzU+KLUgvyikmLbtMSc4lSYYGpFanJpSSqqYEZ+cUl8cn5eXmpySWZ+XrFtSVEp
XLIgJzEvLzMvHaqlLDEnMyW+NK8kM8fWyMjAQM/QSM/YEKY4JbM4Ob8stQhiQmpK
Jsg82+T83NzUouTMxByYuuLkjFQQA2poZnFxaWpKfEoi0GUgL+gZGOoZmnN1Mumy
MDByMYizMoGCQUDGvSg/PzwzO9MlNTffO7WSgYtTABaIhXH8/2NsLurtuO6scULo
4eW8qm1TGU7wCp72+HNWl5X3zO7b90X+y3y2LskvXNZ5UCSH43rNjTs2r8TqRCuf
bUlc+neC+Qy1Hd+cI2weSLzjefk/QWL/Mo60jNrQmpdB1gf6f7WUGRu27bP6GMBy
lNH/DtcSTybJJZ9WzyrNfszxKFebo+9ZSfWrDg2DUsNDlfcWS5nLKyd68Oi5/d3O
eT1wmaT6gg28Bq8fVSX+OaBht6Mzc4pgdvLbJ1FPyv5s9kvzS2uY/s/8Wodkw7aQ
0hvzki+Jpi/c96jZQmT3Vb6y1NZfDq3HfjrMnqNly73tV9jbidWT1j76sGDRj12C
V3OPyp/gvPjIxPmu/zzBFU+f9Sk9vrRq+sJk5i0KTfcetk2YlZbSaXYt41XsXVW5
4M2bJ39RkWbLOLFd5YmFmpqb+8sl808k7qg0bpjqn5Iga/FZW+N5rETlaiMz+9WT
eCp1OHesyORi5+yvzXoYWr7BU+L/+fST83/IPXW//Ol634F/dwo2S3RLvPs3n7Vh
hdyrI+bcTxQ4PyWkbuidVJa179sCQZ79Hrn7nXP64mRK638cYOcKWsdbNEPvw763
aXYlR15+6tSWfd5oXeX+SlVSaHrais1nPPakdLV49+3a/3lFr9xVGX9R7ZgUvr0H
Fy1yMvweMd3yNuNXC6frk9tyjPO8F/2+r9pasjmqoX2eg3n+WQ5Fbs/VDWunv7z4
AwAet3QG
=2zm0
-----END PGP MESSAGE-----
