-----BEGIN PGP MESSAGE-----
Version: BCPG v1.57

owJ4nJvAy8zAxbgme1FHoHBEBePpAyFJ4jmZyal5xalumTmpfom5qbqe6Xn5Rakp
UfEnxJR1dRWg0gppQHku5fDUFAWvxDwFQ3MgsjIwtjIwUnANDlEwMjC04MrNTynN
SY0vSi3ILyopti0pKk2FiaVWpCaXlqTapiXmFMMFM/KLS+KT8/PyUpNLMvPzUHUU
5CTm5WXmpUO1lCXmZKbEl+aVZObYGhkZGOgZGukZG8IUp2QWJ+eXpRZBTEhNyQSZ
Z5ucn5ubWpScmZgDU1ecnJEKYkANzSwuLk1NiU9JBLoM5AM9A0M9Q3OuTiZdFgZG
LgZxViZQKAjIuBfl54dnZme6pObme6dWMnBxCsDC8Bsj//+gwMbip5cer8/IkeUt
CCq6WJi6Y87EWQlZf1Q+SDw4qiLGJv9NL6c/PNKhhmeCR1rv7DVprVzfXa6vfqmV
JvEhZJqLjvGNo3u0r9h4FGnMntGZuFW8Nko8Ub73XIagyeNehanxXRNkJp1fylgY
/Wi745EHNjLyckv/NDIe+TMvWoitKfTApCOpvws0vm28FCfkdzjI2a7ctj9RV+Lb
DIuMM6q7Fy48JvVZ7brn8V/p2TfqOhJveCbO37Ig9e3Dl875jOb6HK/CJb9cyJvX
sO3Cl4DwJC6Tg+dn66+/ulhFYNWORXN/CD25di9fZvNXs4J0IYeDL6O5q43kOs1+
xIXN/TxLabpYnMuRa6zRv+z3/ef6UVzXGKyeYHKqwddJsknzBmf1i55bl4oSz0qe
Mhbacmbe0WNtDRvfeC6bYGD/IolDRjh1gbLmus2eRkENmw4nTm2+xyh1uqyfqywu
Y0HzR/fcHeYSExbZL/vr6XBEdl/wxpkXVZ5O0s9IklFgeXb1kP69wxL2kcr6Gm+m
XV72/efy9zqO576d1Upslo69mpwes9x52sGdjza3hH60SDtasPJdJv/3RXOyruQI
fH948EFZWuatgqyWKUsP8PVNVU+fWH4r7ME8YVfGzmOOWuW8kV3/6/Lvq05MX3gk
V5I/OmbvbianlCk7Lyp+fifIcMNL60ybz6OlSosl/++O3/Pi8NuXvw+o3hDddxQA
LGhzDQ==
=wHcS
-----END PGP MESSAGE-----
