-----BEGIN PGP MESSAGE-----
Version: BCPG v1.57

owJ4nJvAy8zAxbgme1FHoHBEBePpA4FJ4jmZyal5xalumTmpfom5qbqe6Xn5Rakp
UfEnxJR1dRWg0gppQHku5fDUFAWvxDwFQ3MgsjIwtjIwUnANDlEwMjC04MrNTynN
SY0vSi3ILyopti0pKk2FiaVWpCaXlqSiiGXkF5fEJ+fn5aUml2Tm56FqKMhJzMvL
zEuHCJYl5mSmxJfmlWTm2BoZGRjoGRrpGRvC1KZkFifnl6UWQdSmpmSCjLNNzs/N
TS1KzkzMgakrTs5IBTEg6jKLi0tTU+JTEoHOAjlfz8BQz9Ccq5NJl4WBkYtBnJUJ
FAQCMu5F+fnhmdmZLqm5+d6plQxcnAKwANy5jv+fsY89f87csnLuWTIhX//VaoWc
/r4m5V+P+8EVPbrqz9NcPq5pXcN86/ICvyfZy0TD7L0rl4pePJ29PEZJqv3ehuQ6
jXNi9mbMBZt0IxsjGQ6+Mbk5RWhDa3tGS5f2LcY5m7mixWanMpttcW79Uf7mkgO7
9I/lGYfZ+Y6bqVSbqz5an58/9+sxzf7tE5oOLKncUp53s2Rb/N0ZN6I/CkX+WLnb
NFJV94D/fEFppgXsCV+nNzPFW+5vzLhUYa52OOyYu4fIfmO+3Z9bUm8KTPo5V8W/
5L7r4tcLHn/dEPeJsc90tq3d9Nm5rp2xvtbeMR3x6zQtuU56stup+v6Pblh45711
eI/tCkfvszcZWmc8Zq3QD1Ixmqi3STZI875bQI/dhgWmex7OeMUQ7i+/YkNvn1le
RciVkHidOt2shrMRRtfOKnbNfr+4LHZyzfq8pQq3G8+FbpPk+79mYWOl08bea5/V
mf1E9+nHeoXsCpimK95vcEHZfZ2xU2vQaYPMBkbXGNHVYfdkIm4bfNOT//doxyG9
tC//JF4xzS1buLjz2uaEtOW7Vr3fIrIyPllo9f8tN+843T/c7Rry4USF+4tZf2Ye
ledl9Trs1sjPE5j5ZYVW0QdmtWL+pGmbRCYxGmdsad0f457+YrXpWddeTgkZ5aVd
NzVuuHvYTneSj2Wqn1Kplij+QG95v9CdbG/xHwevrl754ZBFfspxAN7FZec=
=NC3L
-----END PGP MESSAGE-----
