-----BEGIN PGP MESSAGE-----
Version: BCPG v1.57

owJ4nJvAy8zAxbgme1FHoHBEBePpA6FJ4jmZyal5xalumTmpfom5qbqe6Xn5Rakp
UfEnxJR1dRWg0gppQHku5fDUFAWvxDwFQ3MgsjIwtjIwUnANDlEwMjC04MrNTynN
SY0vSi3ILyoptk1LzClOhQmmVqQml5akogpm5BeXxCfn5+WlJpdk5ucV25YUlcIl
C3IS8/Iy89KhWsoSczJT4kvzSjJzbI2MDAz0DI30jA1hilMyi5Pzy1KLICakpmSC
zLNNzs/NTS1KzkzMgakrTs5IBTGghmYWF5empsSnJAJdBvSCpZ6BoZ6hOVcnky4L
AyMXgzgrEygYBGTci/LzwzOzM11Sc/O9UysZuDgF4IH4hP9/6P5bOancBtzXj6yJ
zbI+vFIqWHC5/ZKOnk7zDdNMt07WE17Kv/LQ1Rp/kV7jBzftNz2wMeIxu8d+S/Hp
paUHa/6l9b69+Vib7+oN1qgorfyAnW9epmyO1Lt6LmyD15MtW4K/XlfNilrZETNn
r16V0u0JH+ru5t9dqWBenDSzxsxWVPq+1AwB+9LzM7eeb7p4W+3RZPkdAUtZJqQ+
yHQO0ZaaIlYpe9Trg9iejx+0k7Yccld5tKRi8WL/tovccSJ2oeZHjULChEJFT07y
Wld/oEovt+hvDcvjD7WBGx+/3XZu9tET5YasMm9WcgoXr+gMEfErFe6wEFI7uapO
7XvPApnNtnf+/vTYV9Evc+i7XduL3rmH7jDvuyuyOOf2ezaOTYdig8x5U8OOapay
1ZolnXCVqWOcIxgUYKybHaBdYVz1So0rocU1mnO50eVt+pzzj809nHVSJ5U7P09+
tnj4dCfmngDG9TxTdiifyYj4cGcD6xSpnDsFkxcpJjQebuBLa7KcyRO2Rum6ad28
JVMPGr079tdCgd1wKYu90XRnpnePd03nUE7/JPnCaNeXSRO3a7MIeyyzmTmx8bvP
8yP7fQNyik4cm6qUUPRyad4nj9orFWwLbS7NZHty7FPUp6DOB4z7dQ4bWT/dti1Z
52j94po3M87otYpZnTqUa3fes33rh4nsFRvmLuTQ3nkxp/fgtYUKrzZ9eOKifl0F
AKxIbGk=
=A5ji
-----END PGP MESSAGE-----
