-----BEGIN PGP MESSAGE-----
Version: BCPG v1.57

owJ4nJvAy8zAxbgme1FHoHBEBePpA6FJ4jmZyal5xalumTmpfom5qbqe6Xn5Rakp
UfG72JV1dRWg0gppQHku5fDUFAWvxDwFQ3MFQzMrA2MgUnANDlEwMjC04MrNTynN
SY0vSi3ILyoptk1LzClOhQmmVqQml5akogpm5BeXxCfn5+WlJpdk5ucV25YUlcIl
C3IS8/Iy89KhWsoSczJT4kvzSjJzbI2MDAz0DI30jA1hilMyi5Pzy1KLICakpmSC
zLNNzs/NTS1KzkzMgakrTs5IBTGghmYWF5empsSnJAJdBvKCnoGhnqE5VyeTLgsD
IxeDOCsTKBgEZNyL8vPDM7MzXVJz871TKxm4OAVggbj2Ev8/y2shO9rsb6fVp1s/
vvXEbJrv9WPBx6MsvJWDD53PVVt/jr1JqPL69OUB5pWKPjty7qeb/Va91BG3Kbqw
x/QH5ynp6UozSrpnHPiwvOLwxjNi8zw9Pc4ej8xgX/I3gmlffLbP1VkR9ZbJt3tu
94Ru/3DeYEvb8hPci7790rETnBNkKxu8jWPa37eqMSeNCyJtzmh2O1f8a3r5aVEl
W34V2yKrMEO+K0c1DB4e/suToK7/PUVD5OnUNfv/ih37eon/SLhxzCUpvXePV8o3
xbEum/6E5y5fT5K39tovP65p31l9wLzE2nlD3J73e9w6Cw6eUe0QeWuwUeT1+9+X
+xs1l0xR7jg/93W49ze2ni36MlJSZ/gb3p36feMVR27zbLn2BKETVy004gWNHV/P
2sr7QG/pKW0279StrrqX5q1haLn1Ne+rwtJcMxuTXqviJxfiK+5Vd9QGaMrEfnst
UHSu8tMNhb7Us/KMKj6e9cxLhW3vTupazXa+z3J28NIl71IkQ33eCrwtcE34MFtK
X+aeg13UgorjmX8K3LND/3zfGKVhv2aViU/3ic0H+EwlDIub664sKZr82LtJ+mKl
15y5M9w2Tny7wbWZyWWmYKj8sTUJ3rfkFz7yZAgsa9nr7lu7WNvBMoorXZPZlPGa
2qmGDf8k5karHbzUf/2Ynlh4geRvm52bdsVwnZi98f6hmXYMkwVrPyTMndy/TAkA
ArRvAA==
=vrJh
-----END PGP MESSAGE-----
